#
# A fatal error has been detected by the Java Runtime Environment:
#
#  EXCEPTION_ACCESS_VIOLATION (0xc0000005) at pc=0x00007ffc7c18e0a7, pid=3176, tid=1072
#
# JRE version: OpenJDK Runtime Environment Corretto-18.0.2.9.1 (18.0.2+9) (build 18.0.2+9-FR)
# Java VM: OpenJDK 64-Bit Server VM Corretto-18.0.2.9.1 (18.0.2+9-FR, mixed mode, sharing, tiered, compressed oops, compressed class ptrs, g1 gc, windows-amd64)
# Problematic frame:
# C  [lwjgl_opengl.dll+0xe0a7]
#
# No core dump will be written. Minidumps are not enabled by default on client versions of Windows
#
# If you would like to submit a bug report, please visit:
#   https://github.com/corretto/corretto-18/issues/
# The crash happened outside the Java Virtual Machine in native code.
# See problematic frame for where to report the bug.
#

---------------  S U M M A R Y ------------

Command Line: -Dfile.encoding=windows-1252 -Duser.country=US -Duser.language=en -Duser.variant com.aderugy.rugyengine2d.RugyEngine2D

Host: Intel(R) Core(TM) i5-8600K CPU @ 3.60GHz, 6 cores, 15G,  Windows 10 , 64 bit Build 19041 (10.0.19041.2364)
Time: Mon Jan  2 15:36:21 2023 Romance Standard Time elapsed time: 0.185477 seconds (0d 0h 0m 0s)

---------------  T H R E A D  ---------------

Current thread (0x000002de1ea708c0):  JavaThread "main" [_thread_in_native, id=1072, stack(0x000000f7da900000,0x000000f7daa00000)]

Stack: [0x000000f7da900000,0x000000f7daa00000],  sp=0x000000f7da9ff548,  free space=1021k
Native frames: (J=compiled Java code, j=interpreted, Vv=VM code, C=native code)
C  [lwjgl_opengl.dll+0xe0a7]

Java frames: (J=compiled Java code, j=interpreted, Vv=VM code)
j  org.lwjgl.opengl.GL20C.glCreateShader(I)I+0
j  org.lwjgl.opengl.GL20.glCreateShader(I)I+1
j  com.aderugy.rugyengine2d.shaders.ShaderManager.compile(Ljava/lang/String;I)V+86
j  com.aderugy.rugyengine2d.RugyEngine2D.main([Ljava/lang/String;)V+11
v  ~StubRoutines::call_stub

siginfo: EXCEPTION_ACCESS_VIOLATION (0xc0000005), reading address 0x0000000000000e38


Register to memory mapping:

RIP=0x00007ffc7c18e0a7 lwjgl_opengl.dll
RAX=0x000002de45cbdd00 points into unknown readable memory: 0x0000000000000000 | 00 00 00 00 00 00 00 00
RBX={method} {0x000002de41ce2c38} 'glCreateShader' '(I)I' in 'org/lwjgl/opengl/GL20C'
RCX=0x0 is NULL
RDX=0x000000f7da9ff5d0 is pointing into the stack for thread: 0x000002de1ea708c0
RSP=0x000000f7da9ff548 is pointing into the stack for thread: 0x000002de1ea708c0
RBP=0x000000f7da9ff5c0 is pointing into the stack for thread: 0x000002de1ea708c0
RSI=0x0 is NULL
RDI=0x000002de266494fe is at code_begin+1118 in an Interpreter codelet
return entry points  [0x000002de266490a0, 0x000002de26649ba0]  2816 bytes
R8 =0x0000000000008b31 is an unknown value
R9 =0x0000000000000002 is an unknown value
R10=0x000002de2664d5f2 is at code_begin+946 in an Interpreter codelet
method entry point (kind = native)  [0x000002de2664d240, 0x000002de2664dbc0]  2432 bytes
R11=0x00000007103c3200 is an oop: java.lang.Class 
{0x00000007103c3200} - klass: 'java/lang/Class'
 - ---- fields (total size 54 words):
 - private volatile transient 'classRedefinedCount' 'I' @12  0
 - abstract internal 'klass' 'J' @16  34372416368 (c17370 8)
 - abstract internal 'array_klass' 'J' @24  0 (0 0)
 - abstract internal 'oop_size' 'I' @32  54 (36)
 - abstract internal 'static_oop_field_count' 'I' @36  0
 - private volatile transient 'cachedConstructor' 'Ljava/lang/reflect/Constructor;' @40  NULL (0)
 - private transient 'name' 'Ljava/lang/String;' @44  "org.lwjgl.opengl.GL20C"{0x00000007103c33c0} (e2078678)
 - private transient 'module' 'Ljava/lang/Module;' @48  a 'java/lang/Module'{0x00000007106d41b8} (e20da837)
 - private final 'classLoader' 'Ljava/lang/ClassLoader;' @52  a 'jdk/internal/loader/ClassLoaders$AppClassLoader'{0x00000007106d3ff8} (e20da7ff)
 - private transient 'classData' 'Ljava/lang/Object;' @56  NULL (0)
 - private transient 'packageName' 'Ljava/lang/String;' @60  "org.lwjgl.opengl"{0x000000071041b510} (e20836a2)
 - private final 'componentType' 'Ljava/lang/Class;' @64  NULL (0)
 - private volatile transient 'reflectionData' 'Ljava/lang/ref/SoftReference;' @68  NULL (0)
 - private volatile transient 'genericInfo' 'Lsun/reflect/generics/repository/ClassRepository;' @72  NULL (0)
 - private volatile transient 'enumConstants' '[Ljava/lang/Object;' @76  NULL (0)
 - private volatile transient 'enumConstantDirectory' 'Ljava/util/Map;' @80  NULL (0)
 - private volatile transient 'annotationData' 'Ljava/lang/Class$AnnotationData;' @84  NULL (0)
 - private volatile transient 'annotationType' 'Lsun/reflect/annotation/AnnotationType;' @88  NULL (0)
 - transient 'classValueMap' 'Ljava/lang/ClassValue$ClassValueMap;' @92  NULL (0)
 - abstract internal 'protection_domain' 'Ljava/lang/Object;' @96  a 'java/security/ProtectionDomain'{0x000000071043f088} (e2087e11)
 - abstract internal 'signers_name' 'Ljava/lang/Object;' @100  NULL (0)
 - abstract internal 'source_file' 'Ljava/lang/Object;' @104  NULL (0)
 - signature: Lorg/lwjgl/opengl/GL20C;
 - ---- static fields (0):
 - public static final 'GL_SHADING_LANGUAGE_VERSION' 'I' @112  35724 (8b8c)
 - public static final 'GL_CURRENT_PROGRAM' 'I' @116  35725 (8b8d)
 - public static final 'GL_SHADER_TYPE' 'I' @120  35663 (8b4f)
 - public static final 'GL_DELETE_STATUS' 'I' @124  35712 (8b80)
 - public static final 'GL_COMPILE_STATUS' 'I' @128  35713 (8b81)
 - public static final 'GL_LINK_STATUS' 'I' @132  35714 (8b82)
 - public static final 'GL_VALIDATE_STATUS' 'I' @136  35715 (8b83)
 - public static final 'GL_INFO_LOG_LENGTH' 'I' @140  35716 (8b84)
 - public static final 'GL_ATTACHED_SHADERS' 'I' @144  35717 (8b85)
 - public static final 'GL_ACTIVE_UNIFORMS' 'I' @148  35718 (8b86)
 - public static final 'GL_ACTIVE_UNIFORM_MAX_LENGTH' 'I' @152  35719 (8b87)
 - public static final 'GL_ACTIVE_ATTRIBUTES' 'I' @156  35721 (8b89)
 - public static final 'GL_ACTIVE_ATTRIBUTE_MAX_LENGTH' 'I' @160  35722 (8b8a)
 - public static final 'GL_SHADER_SOURCE_LENGTH' 'I' @164  35720 (8b88)
 - public static final 'GL_FLOAT_VEC2' 'I' @168  35664 (8b50)
 - public static final 'GL_FLOAT_VEC3' 'I' @172  35665 (8b51)
 - public static final 'GL_FLOAT_VEC4' 'I' @176  35666 (8b52)
 - public static final 'GL_INT_VEC2' 'I' @180  35667 (8b53)
 - public static final 'GL_INT_VEC3' 'I' @184  35668 (8b54)
 - public static final 'GL_INT_VEC4' 'I' @188  35669 (8b55)
 - public static final 'GL_BOOL' 'I' @192  35670 (8b56)
 - public static final 'GL_BOOL_VEC2' 'I' @196  35671 (8b57)
 - public static final 'GL_BOOL_VEC3' 'I' @200  35672 (8b58)
 - public static final 'GL_BOOL_VEC4' 'I' @204  35673 (8b59)
 - public static final 'GL_FLOAT_MAT2' 'I' @208  35674 (8b5a)
 - public static final 'GL_FLOAT_MAT3' 'I' @212  35675 (8b5b)
 - public static final 'GL_FLOAT_MAT4' 'I' @216  35676 (8b5c)
 - public static final 'GL_SAMPLER_1D' 'I' @220  35677 (8b5d)
 - public static final 'GL_SAMPLER_2D' 'I' @224  35678 (8b5e)
 - public static final 'GL_SAMPLER_3D' 'I' @228  35679 (8b5f)
 - public static final 'GL_SAMPLER_CUBE' 'I' @232  35680 (8b60)
 - public static final 'GL_SAMPLER_1D_SHADOW' 'I' @236  35681 (8b61)
 - public static final 'GL_SAMPLER_2D_SHADOW' 'I' @240  35682 (8b62)
 - public static final 'GL_VERTEX_SHADER' 'I' @244  35633 (8b31)
 - public static final 'GL_MAX_VERTEX_UNIFORM_COMPONENTS' 'I' @248  35658 (8b4a)
 - public static final 'GL_MAX_VARYING_FLOATS' 'I' @252  35659 (8b4b)
 - public static final 'GL_MAX_VERTEX_ATTRIBS' 'I' @256  34921 (8869)
 - public static final 'GL_MAX_TEXTURE_IMAGE_UNITS' 'I' @260  34930 (8872)
 - public static final 'GL_MAX_VERTEX_TEXTURE_IMAGE_UNITS' 'I' @264  35660 (8b4c)
 - public static final 'GL_MAX_COMBINED_TEXTURE_IMAGE_UNITS' 'I' @268  35661 (8b4d)
 - public static final 'GL_VERTEX_PROGRAM_POINT_SIZE' 'I' @272  34370 (8642)
 - public static final 'GL_VERTEX_ATTRIB_ARRAY_ENABLED' 'I' @276  34338 (8622)
 - public static final 'GL_VERTEX_ATTRIB_ARRAY_SIZE' 'I' @280  34339 (8623)
 - public static final 'GL_VERTEX_ATTRIB_ARRAY_STRIDE' 'I' @284  34340 (8624)
 - public static final 'GL_VERTEX_ATTRIB_ARRAY_TYPE' 'I' @288  34341 (8625)
 - public static final 'GL_VERTEX_ATTRIB_ARRAY_NORMALIZED' 'I' @292  34922 (886a)
 - public static final 'GL_CURRENT_VERTEX_ATTRIB' 'I' @296  34342 (8626)
 - public static final 'GL_VERTEX_ATTRIB_ARRAY_POINTER' 'I' @300  34373 (8645)
 - public static final 'GL_FRAGMENT_SHADER' 'I' @304  35632 (8b30)
 - public static final 'GL_MAX_FRAGMENT_UNIFORM_COMPONENTS' 'I' @308  35657 (8b49)
 - public static final 'GL_FRAGMENT_SHADER_DERIVATIVE_HINT' 'I' @312  35723 (8b8b)
 - public static final 'GL_MAX_DRAW_BUFFERS' 'I' @316  34852 (8824)
 - public static final 'GL_DRAW_BUFFER0' 'I' @320  34853 (8825)
 - public static final 'GL_DRAW_BUFFER1' 'I' @324  34854 (8826)
 - public static final 'GL_DRAW_BUFFER2' 'I' @328  34855 (8827)
 - public static final 'GL_DRAW_BUFFER3' 'I' @332  34856 (8828)
 - public static final 'GL_DRAW_BUFFER4' 'I' @336  34857 (8829)
 - public static final 'GL_DRAW_BUFFER5' 'I' @340  34858 (882a)
 - public static final 'GL_DRAW_BUFFER6' 'I' @344  34859 (882b)
 - public static final 'GL_DRAW_BUFFER7' 'I' @348  34860 (882c)
 - public static final 'GL_DRAW_BUFFER8' 'I' @352  34861 (882d)
 - public static final 'GL_DRAW_BUFFER9' 'I' @356  34862 (882e)
 - public static final 'GL_DRAW_BUFFER10' 'I' @360  34863 (882f)
 - public static final 'GL_DRAW_BUFFER11' 'I' @364  34864 (8830)
 - public static final 'GL_DRAW_BUFFER12' 'I' @368  34865 (8831)
 - public static final 'GL_DRAW_BUFFER13' 'I' @372  34866 (8832)
 - public static final 'GL_DRAW_BUFFER14' 'I' @376  34867 (8833)
 - public static final 'GL_DRAW_BUFFER15' 'I' @380  34868 (8834)
 - public static final 'GL_POINT_SPRITE_COORD_ORIGIN' 'I' @384  36000 (8ca0)
 - public static final 'GL_LOWER_LEFT' 'I' @388  36001 (8ca1)
 - public static final 'GL_UPPER_LEFT' 'I' @392  36002 (8ca2)
 - public static final 'GL_BLEND_EQUATION_RGB' 'I' @396  32777 (8009)
 - public static final 'GL_BLEND_EQUATION_ALPHA' 'I' @400  34877 (883d)
 - public static final 'GL_STENCIL_BACK_FUNC' 'I' @404  34816 (8800)
 - public static final 'GL_STENCIL_BACK_FAIL' 'I' @408  34817 (8801)
 - public static final 'GL_STENCIL_BACK_PASS_DEPTH_FAIL' 'I' @412  34818 (8802)
 - public static final 'GL_STENCIL_BACK_PASS_DEPTH_PASS' 'I' @416  34819 (8803)
 - public static final 'GL_STENCIL_BACK_REF' 'I' @420  36003 (8ca3)
 - public static final 'GL_STENCIL_BACK_VALUE_MASK' 'I' @424  36004 (8ca4)
 - public static final 'GL_STENCIL_BACK_WRITEMASK' 'I' @428  36005 (8ca5)
R12=0x0 is NULL
R13=0x000002de41ce2c20 is pointing into metadata
R14=0x000000f7da9ff5e0 is pointing into the stack for thread: 0x000002de1ea708c0
R15=0x000002de1ea708c0 is a thread


Registers:
RAX=0x000002de45cbdd00, RBX=0x000002de41ce2c30, RCX=0x0000000000000000, RDX=0x000000f7da9ff5d0
RSP=0x000000f7da9ff548, RBP=0x000000f7da9ff5c0, RSI=0x0000000000000000, RDI=0x000002de266494fe
R8 =0x0000000000008b31, R9 =0x0000000000000002, R10=0x000002de2664d5f2, R11=0x00000007103c3200
R12=0x0000000000000000, R13=0x000002de41ce2c20, R14=0x000000f7da9ff5e0, R15=0x000002de1ea708c0
RIP=0x00007ffc7c18e0a7, EFLAGS=0x0000000000010206

Top of Stack: (sp=0x000000f7da9ff548)
0x000000f7da9ff548:   000002de2664d621 000002de41ce2c30
0x000000f7da9ff558:   0000000000000000 0000000000000000
0x000000f7da9ff568:   000002de41822ad4 000002de2664d2f6
0x000000f7da9ff578:   000000f7da9ff578 000002de41ce2c20
0x000000f7da9ff588:   000000f7da9ff5e0 000002de41d0e0f8
0x000000f7da9ff598:   0000000000000000 00000007103c3200
0x000000f7da9ff5a8:   000002de41ce2c30 0000000000000000
0x000000f7da9ff5b8:   000000f7da9ff5e0 000000f7da9ff630
0x000000f7da9ff5c8:   000002de26649612 00000007103c3200
0x000000f7da9ff5d8:   000002de2664af76 0000000000008b31
0x000000f7da9ff5e8:   000000f7da9ff5e8 000002de41c0a841
0x000000f7da9ff5f8:   000000f7da9ff640 000002de41c68000
0x000000f7da9ff608:   0000000000000000 00000007104b40d8
0x000000f7da9ff618:   000002de41c0a868 000000f7da9ff5e0
0x000000f7da9ff628:   000000f7da9ff640 000000f7da9ff690
0x000000f7da9ff638:   000002de26649612 0000000000008b31 

Instructions: (pc=0x00007ffc7c18e0a7)
0x00007ffc7c18dfa7:   8b c8 4c 8b 50 18 49 ff a2 f8 0d 00 00 cc cc cc
0x00007ffc7c18dfb7:   cc cc cc cc cc cc cc cc cc 48 8b 01 41 8b c8 48
0x00007ffc7c18dfc7:   8b 50 18 48 ff a2 00 0e 00 00 cc cc cc cc cc cc
0x00007ffc7c18dfd7:   cc cc cc cc cc cc cc cc cc 48 8b 01 45 8b d8 4c
0x00007ffc7c18dfe7:   8b 44 24 28 41 8b d1 41 8b cb 4c 8b 50 18 49 ff
0x00007ffc7c18dff7:   a2 08 0e 00 00 cc cc cc cc 48 8b 01 45 8b d8 4c
0x00007ffc7c18e007:   8b 44 24 28 41 8b d1 41 8b cb 4c 8b 50 18 49 ff
0x00007ffc7c18e017:   a2 10 0e 00 00 cc cc cc cc 48 8b 01 45 8b d8 4c
0x00007ffc7c18e027:   8b 44 24 28 41 8b d1 41 8b cb 4c 8b 50 18 49 ff
0x00007ffc7c18e037:   a2 18 0e 00 00 cc cc cc cc 48 8b 01 48 8b 48 18
0x00007ffc7c18e047:   48 8b 81 20 0e 00 00 48 ff e0 cc cc cc cc cc cc
0x00007ffc7c18e057:   cc cc cc cc cc cc cc cc cc 48 8b 01 41 8b c8 48
0x00007ffc7c18e067:   8b 50 18 48 ff a2 28 0e 00 00 cc cc cc cc cc cc
0x00007ffc7c18e077:   cc cc cc cc cc cc cc cc cc 48 8b 01 48 8b 48 18
0x00007ffc7c18e087:   48 8b 81 30 0e 00 00 41 8b c8 48 ff e0 cc cc cc
0x00007ffc7c18e097:   cc cc cc cc cc cc cc cc cc 48 8b 01 48 8b 48 18
0x00007ffc7c18e0a7:   48 8b 81 38 0e 00 00 41 8b c8 48 ff e0 cc cc cc
0x00007ffc7c18e0b7:   cc cc cc cc cc cc cc cc cc 48 8b 01 41 8b c8 48
0x00007ffc7c18e0c7:   8b 50 18 48 ff a2 40 0e 00 00 cc cc cc cc cc cc
0x00007ffc7c18e0d7:   cc cc cc cc cc cc cc cc cc 48 8b 01 48 8b 48 18
0x00007ffc7c18e0e7:   48 8b 81 48 0e 00 00 41 8b c8 48 ff e0 cc cc cc
0x00007ffc7c18e0f7:   cc cc cc cc cc cc cc cc cc 48 8b 01 41 8b d1 41
0x00007ffc7c18e107:   8b c8 4c 8b 50 18 49 ff a2 50 0e 00 00 cc cc cc
0x00007ffc7c18e117:   cc cc cc cc cc cc cc cc cc 48 8b 01 41 8b d1 41
0x00007ffc7c18e127:   8b c8 4c 8b 50 18 49 ff a2 58 0e 00 00 cc cc cc
0x00007ffc7c18e137:   cc cc cc cc cc cc cc cc cc 40 53 48 8b 01 41 8b
0x00007ffc7c18e147:   d8 4c 8b 44 24 30 41 8b d1 4c 8b 4c 24 38 8b cb
0x00007ffc7c18e157:   4c 8b 50 18 5b 49 ff a2 60 0e 00 00 cc cc cc cc
0x00007ffc7c18e167:   cc cc cc cc cc cc cc cc cc 48 8b 01 41 8b c8 48
0x00007ffc7c18e177:   8b 50 18 48 ff a2 68 0e 00 00 cc cc cc cc cc cc
0x00007ffc7c18e187:   cc cc cc cc cc cc cc cc cc 48 8b 01 41 8b c8 48
0x00007ffc7c18e197:   8b 50 18 48 ff a2 70 0e 00 00 cc cc cc cc cc cc 


Stack slot to memory mapping:
stack at sp + 0 slots: 0x000002de2664d621 is at code_begin+993 in an Interpreter codelet
method entry point (kind = native)  [0x000002de2664d240, 0x000002de2664dbc0]  2432 bytes
stack at sp + 1 slots: {method} {0x000002de41ce2c38} 'glCreateShader' '(I)I' in 'org/lwjgl/opengl/GL20C'
stack at sp + 2 slots: 0x0 is NULL
stack at sp + 3 slots: 0x0 is NULL
stack at sp + 4 slots: 0x000002de41822ad4 is pointing into metadata
stack at sp + 5 slots: 0x000002de2664d2f6 is at code_begin+182 in an Interpreter codelet
method entry point (kind = native)  [0x000002de2664d240, 0x000002de2664dbc0]  2432 bytes
stack at sp + 6 slots: 0x000000f7da9ff578 is pointing into the stack for thread: 0x000002de1ea708c0
stack at sp + 7 slots: 0x000002de41ce2c20 is pointing into metadata


---------------  P R O C E S S  ---------------

Threads class SMR info:
_java_thread_list=0x000002de4598e2e0, length=12, elements={
0x000002de1ea708c0, 0x000002de416cc4e0, 0x000002de416cce80, 0x000002de416e35c0,
0x000002de416e3e70, 0x000002de416e4810, 0x000002de416ed300, 0x000002de416f8ff0,
0x000002de416edde0, 0x000002de416ef3e0, 0x000002de459acd70, 0x000002de459ade70
}

Java Threads: ( => current thread )
=>0x000002de1ea708c0 JavaThread "main" [_thread_in_native, id=1072, stack(0x000000f7da900000,0x000000f7daa00000)]
  0x000002de416cc4e0 JavaThread "Reference Handler" daemon [_thread_blocked, id=7944, stack(0x000000f7db000000,0x000000f7db100000)]
  0x000002de416cce80 JavaThread "Finalizer" daemon [_thread_blocked, id=9160, stack(0x000000f7db100000,0x000000f7db200000)]
  0x000002de416e35c0 JavaThread "Signal Dispatcher" daemon [_thread_blocked, id=13572, stack(0x000000f7db200000,0x000000f7db300000)]
  0x000002de416e3e70 JavaThread "Attach Listener" daemon [_thread_blocked, id=12524, stack(0x000000f7db300000,0x000000f7db400000)]
  0x000002de416e4810 JavaThread "Service Thread" daemon [_thread_blocked, id=9348, stack(0x000000f7db400000,0x000000f7db500000)]
  0x000002de416ed300 JavaThread "Monitor Deflation Thread" daemon [_thread_blocked, id=2892, stack(0x000000f7db500000,0x000000f7db600000)]
  0x000002de416f8ff0 JavaThread "C2 CompilerThread0" daemon [_thread_blocked, id=2960, stack(0x000000f7db600000,0x000000f7db700000)]
  0x000002de416edde0 JavaThread "C1 CompilerThread0" daemon [_thread_blocked, id=8516, stack(0x000000f7db700000,0x000000f7db800000)]
  0x000002de416ef3e0 JavaThread "Sweeper thread" daemon [_thread_blocked, id=1268, stack(0x000000f7db800000,0x000000f7db900000)]
  0x000002de459acd70 JavaThread "Notification Thread" daemon [_thread_blocked, id=4972, stack(0x000000f7db900000,0x000000f7dba00000)]
  0x000002de459ade70 JavaThread "Common-Cleaner" daemon [_thread_blocked, id=13964, stack(0x000000f7dbb00000,0x000000f7dbc00000)]

Other Threads:
  0x000002de1eb0dbe0 VMThread "VM Thread" [stack: 0x000000f7daf00000,0x000000f7db000000] [id=7368]
  0x000002de459ad230 WatcherThread "VM Periodic Task Thread" [stack: 0x000000f7dba00000,0x000000f7dbb00000] [id=7936]
  0x000002de1eae0ea0 WorkerThread "GC Thread#0" [stack: 0x000000f7daa00000,0x000000f7dab00000] [id=1372]
  0x000002de1eaf1bf0 ConcurrentGCThread "G1 Main Marker" [stack: 0x000000f7dab00000,0x000000f7dac00000] [id=3016]
  0x000002de1eaf3cd0 WorkerThread "G1 Conc#0" [stack: 0x000000f7dac00000,0x000000f7dad00000] [id=4240]
  0x000002de1eb3e5d0 ConcurrentGCThread "G1 Refine#0" [stack: 0x000000f7dad00000,0x000000f7dae00000] [id=8504]
  0x000002de41581090 ConcurrentGCThread "G1 Service" [stack: 0x000000f7dae00000,0x000000f7daf00000] [id=6572]

Threads with active compile tasks:

VM state: not at safepoint (normal execution)

VM Mutex/Monitor currently owned by a thread: None

Heap address: 0x0000000700800000, size: 4088 MB, Compressed Oops mode: Zero based, Oop shift amount: 3

CDS archive(s) mapped at: [0x0000000800000000-0x0000000800ba0000-0x0000000800ba0000), size 12189696, SharedBaseAddress: 0x0000000800000000, ArchiveRelocationMode: 0.
Compressed class space mapped at: 0x0000000800c00000-0x0000000840c00000, reserved size: 1073741824
Narrow klass base: 0x0000000800000000, Narrow klass shift: 0, Narrow klass range: 0x100000000

GC Precious Log:
 CardTable entry size: 512
 Card Set container configuration: InlinePtr #cards 4 size 8 Array Of Cards #cards 16 size 48 Howl #buckets 8 coarsen threshold 3686 Howl Bitmap #cards 512 size 80 coarsen threshold 460 Card regions per heap region 1 cards per card region 4096
 CPUs: 6 total, 6 available
 Memory: 16344M
 Large Page Support: Disabled
 NUMA Support: Disabled
 Compressed Oops: Enabled (Zero based)
 Heap Region Size: 2M
 Heap Min Capacity: 8M
 Heap Initial Capacity: 256M
 Heap Max Capacity: 4088M
 Pre-touch: Disabled
 Parallel Workers: 6
 Concurrent Workers: 2
 Concurrent Refinement Workers: 6
 Periodic GC: Disabled

Heap:
 garbage-first heap   total 262144K, used 4096K [0x0000000700800000, 0x0000000800000000)
  region size 2048K, 3 young (6144K), 0 survivors (0K)
 Metaspace       used 2206K, committed 2368K, reserved 1114112K
  class space    used 137K, committed 256K, reserved 1048576K

Heap Regions: E=young(eden), S=young(survivor), O=old, HS=humongous(starts), HC=humongous(continues), CS=collection set, F=free, OA=open archive, CA=closed archive, TAMS=top-at-mark-start (previous, next)
|   0|0x0000000700800000, 0x0000000700800000, 0x0000000700a00000|  0%| F|  |TAMS 0x0000000700800000, 0x0000000700800000| Untracked 
|   1|0x0000000700a00000, 0x0000000700a00000, 0x0000000700c00000|  0%| F|  |TAMS 0x0000000700a00000, 0x0000000700a00000| Untracked 
|   2|0x0000000700c00000, 0x0000000700c00000, 0x0000000700e00000|  0%| F|  |TAMS 0x0000000700c00000, 0x0000000700c00000| Untracked 
|   3|0x0000000700e00000, 0x0000000700e00000, 0x0000000701000000|  0%| F|  |TAMS 0x0000000700e00000, 0x0000000700e00000| Untracked 
|   4|0x0000000701000000, 0x0000000701000000, 0x0000000701200000|  0%| F|  |TAMS 0x0000000701000000, 0x0000000701000000| Untracked 
|   5|0x0000000701200000, 0x0000000701200000, 0x0000000701400000|  0%| F|  |TAMS 0x0000000701200000, 0x0000000701200000| Untracked 
|   6|0x0000000701400000, 0x0000000701400000, 0x0000000701600000|  0%| F|  |TAMS 0x0000000701400000, 0x0000000701400000| Untracked 
|   7|0x0000000701600000, 0x0000000701600000, 0x0000000701800000|  0%| F|  |TAMS 0x0000000701600000, 0x0000000701600000| Untracked 
|   8|0x0000000701800000, 0x0000000701800000, 0x0000000701a00000|  0%| F|  |TAMS 0x0000000701800000, 0x0000000701800000| Untracked 
|   9|0x0000000701a00000, 0x0000000701a00000, 0x0000000701c00000|  0%| F|  |TAMS 0x0000000701a00000, 0x0000000701a00000| Untracked 
|  10|0x0000000701c00000, 0x0000000701c00000, 0x0000000701e00000|  0%| F|  |TAMS 0x0000000701c00000, 0x0000000701c00000| Untracked 
|  11|0x0000000701e00000, 0x0000000701e00000, 0x0000000702000000|  0%| F|  |TAMS 0x0000000701e00000, 0x0000000701e00000| Untracked 
|  12|0x0000000702000000, 0x0000000702000000, 0x0000000702200000|  0%| F|  |TAMS 0x0000000702000000, 0x0000000702000000| Untracked 
|  13|0x0000000702200000, 0x0000000702200000, 0x0000000702400000|  0%| F|  |TAMS 0x0000000702200000, 0x0000000702200000| Untracked 
|  14|0x0000000702400000, 0x0000000702400000, 0x0000000702600000|  0%| F|  |TAMS 0x0000000702400000, 0x0000000702400000| Untracked 
|  15|0x0000000702600000, 0x0000000702600000, 0x0000000702800000|  0%| F|  |TAMS 0x0000000702600000, 0x0000000702600000| Untracked 
|  16|0x0000000702800000, 0x0000000702800000, 0x0000000702a00000|  0%| F|  |TAMS 0x0000000702800000, 0x0000000702800000| Untracked 
|  17|0x0000000702a00000, 0x0000000702a00000, 0x0000000702c00000|  0%| F|  |TAMS 0x0000000702a00000, 0x0000000702a00000| Untracked 
|  18|0x0000000702c00000, 0x0000000702c00000, 0x0000000702e00000|  0%| F|  |TAMS 0x0000000702c00000, 0x0000000702c00000| Untracked 
|  19|0x0000000702e00000, 0x0000000702e00000, 0x0000000703000000|  0%| F|  |TAMS 0x0000000702e00000, 0x0000000702e00000| Untracked 
|  20|0x0000000703000000, 0x0000000703000000, 0x0000000703200000|  0%| F|  |TAMS 0x0000000703000000, 0x0000000703000000| Untracked 
|  21|0x0000000703200000, 0x0000000703200000, 0x0000000703400000|  0%| F|  |TAMS 0x0000000703200000, 0x0000000703200000| Untracked 
|  22|0x0000000703400000, 0x0000000703400000, 0x0000000703600000|  0%| F|  |TAMS 0x0000000703400000, 0x0000000703400000| Untracked 
|  23|0x0000000703600000, 0x0000000703600000, 0x0000000703800000|  0%| F|  |TAMS 0x0000000703600000, 0x0000000703600000| Untracked 
|  24|0x0000000703800000, 0x0000000703800000, 0x0000000703a00000|  0%| F|  |TAMS 0x0000000703800000, 0x0000000703800000| Untracked 
|  25|0x0000000703a00000, 0x0000000703a00000, 0x0000000703c00000|  0%| F|  |TAMS 0x0000000703a00000, 0x0000000703a00000| Untracked 
|  26|0x0000000703c00000, 0x0000000703c00000, 0x0000000703e00000|  0%| F|  |TAMS 0x0000000703c00000, 0x0000000703c00000| Untracked 
|  27|0x0000000703e00000, 0x0000000703e00000, 0x0000000704000000|  0%| F|  |TAMS 0x0000000703e00000, 0x0000000703e00000| Untracked 
|  28|0x0000000704000000, 0x0000000704000000, 0x0000000704200000|  0%| F|  |TAMS 0x0000000704000000, 0x0000000704000000| Untracked 
|  29|0x0000000704200000, 0x0000000704200000, 0x0000000704400000|  0%| F|  |TAMS 0x0000000704200000, 0x0000000704200000| Untracked 
|  30|0x0000000704400000, 0x0000000704400000, 0x0000000704600000|  0%| F|  |TAMS 0x0000000704400000, 0x0000000704400000| Untracked 
|  31|0x0000000704600000, 0x0000000704600000, 0x0000000704800000|  0%| F|  |TAMS 0x0000000704600000, 0x0000000704600000| Untracked 
|  32|0x0000000704800000, 0x0000000704800000, 0x0000000704a00000|  0%| F|  |TAMS 0x0000000704800000, 0x0000000704800000| Untracked 
|  33|0x0000000704a00000, 0x0000000704a00000, 0x0000000704c00000|  0%| F|  |TAMS 0x0000000704a00000, 0x0000000704a00000| Untracked 
|  34|0x0000000704c00000, 0x0000000704c00000, 0x0000000704e00000|  0%| F|  |TAMS 0x0000000704c00000, 0x0000000704c00000| Untracked 
|  35|0x0000000704e00000, 0x0000000704e00000, 0x0000000705000000|  0%| F|  |TAMS 0x0000000704e00000, 0x0000000704e00000| Untracked 
|  36|0x0000000705000000, 0x0000000705000000, 0x0000000705200000|  0%| F|  |TAMS 0x0000000705000000, 0x0000000705000000| Untracked 
|  37|0x0000000705200000, 0x0000000705200000, 0x0000000705400000|  0%| F|  |TAMS 0x0000000705200000, 0x0000000705200000| Untracked 
|  38|0x0000000705400000, 0x0000000705400000, 0x0000000705600000|  0%| F|  |TAMS 0x0000000705400000, 0x0000000705400000| Untracked 
|  39|0x0000000705600000, 0x0000000705600000, 0x0000000705800000|  0%| F|  |TAMS 0x0000000705600000, 0x0000000705600000| Untracked 
|  40|0x0000000705800000, 0x0000000705800000, 0x0000000705a00000|  0%| F|  |TAMS 0x0000000705800000, 0x0000000705800000| Untracked 
|  41|0x0000000705a00000, 0x0000000705a00000, 0x0000000705c00000|  0%| F|  |TAMS 0x0000000705a00000, 0x0000000705a00000| Untracked 
|  42|0x0000000705c00000, 0x0000000705c00000, 0x0000000705e00000|  0%| F|  |TAMS 0x0000000705c00000, 0x0000000705c00000| Untracked 
|  43|0x0000000705e00000, 0x0000000705e00000, 0x0000000706000000|  0%| F|  |TAMS 0x0000000705e00000, 0x0000000705e00000| Untracked 
|  44|0x0000000706000000, 0x0000000706000000, 0x0000000706200000|  0%| F|  |TAMS 0x0000000706000000, 0x0000000706000000| Untracked 
|  45|0x0000000706200000, 0x0000000706200000, 0x0000000706400000|  0%| F|  |TAMS 0x0000000706200000, 0x0000000706200000| Untracked 
|  46|0x0000000706400000, 0x0000000706400000, 0x0000000706600000|  0%| F|  |TAMS 0x0000000706400000, 0x0000000706400000| Untracked 
|  47|0x0000000706600000, 0x0000000706600000, 0x0000000706800000|  0%| F|  |TAMS 0x0000000706600000, 0x0000000706600000| Untracked 
|  48|0x0000000706800000, 0x0000000706800000, 0x0000000706a00000|  0%| F|  |TAMS 0x0000000706800000, 0x0000000706800000| Untracked 
|  49|0x0000000706a00000, 0x0000000706a00000, 0x0000000706c00000|  0%| F|  |TAMS 0x0000000706a00000, 0x0000000706a00000| Untracked 
|  50|0x0000000706c00000, 0x0000000706c00000, 0x0000000706e00000|  0%| F|  |TAMS 0x0000000706c00000, 0x0000000706c00000| Untracked 
|  51|0x0000000706e00000, 0x0000000706e00000, 0x0000000707000000|  0%| F|  |TAMS 0x0000000706e00000, 0x0000000706e00000| Untracked 
|  52|0x0000000707000000, 0x0000000707000000, 0x0000000707200000|  0%| F|  |TAMS 0x0000000707000000, 0x0000000707000000| Untracked 
|  53|0x0000000707200000, 0x0000000707200000, 0x0000000707400000|  0%| F|  |TAMS 0x0000000707200000, 0x0000000707200000| Untracked 
|  54|0x0000000707400000, 0x0000000707400000, 0x0000000707600000|  0%| F|  |TAMS 0x0000000707400000, 0x0000000707400000| Untracked 
|  55|0x0000000707600000, 0x0000000707600000, 0x0000000707800000|  0%| F|  |TAMS 0x0000000707600000, 0x0000000707600000| Untracked 
|  56|0x0000000707800000, 0x0000000707800000, 0x0000000707a00000|  0%| F|  |TAMS 0x0000000707800000, 0x0000000707800000| Untracked 
|  57|0x0000000707a00000, 0x0000000707a00000, 0x0000000707c00000|  0%| F|  |TAMS 0x0000000707a00000, 0x0000000707a00000| Untracked 
|  58|0x0000000707c00000, 0x0000000707c00000, 0x0000000707e00000|  0%| F|  |TAMS 0x0000000707c00000, 0x0000000707c00000| Untracked 
|  59|0x0000000707e00000, 0x0000000707e00000, 0x0000000708000000|  0%| F|  |TAMS 0x0000000707e00000, 0x0000000707e00000| Untracked 
|  60|0x0000000708000000, 0x0000000708000000, 0x0000000708200000|  0%| F|  |TAMS 0x0000000708000000, 0x0000000708000000| Untracked 
|  61|0x0000000708200000, 0x0000000708200000, 0x0000000708400000|  0%| F|  |TAMS 0x0000000708200000, 0x0000000708200000| Untracked 
|  62|0x0000000708400000, 0x0000000708400000, 0x0000000708600000|  0%| F|  |TAMS 0x0000000708400000, 0x0000000708400000| Untracked 
|  63|0x0000000708600000, 0x0000000708600000, 0x0000000708800000|  0%| F|  |TAMS 0x0000000708600000, 0x0000000708600000| Untracked 
|  64|0x0000000708800000, 0x0000000708800000, 0x0000000708a00000|  0%| F|  |TAMS 0x0000000708800000, 0x0000000708800000| Untracked 
|  65|0x0000000708a00000, 0x0000000708a00000, 0x0000000708c00000|  0%| F|  |TAMS 0x0000000708a00000, 0x0000000708a00000| Untracked 
|  66|0x0000000708c00000, 0x0000000708c00000, 0x0000000708e00000|  0%| F|  |TAMS 0x0000000708c00000, 0x0000000708c00000| Untracked 
|  67|0x0000000708e00000, 0x0000000708e00000, 0x0000000709000000|  0%| F|  |TAMS 0x0000000708e00000, 0x0000000708e00000| Untracked 
|  68|0x0000000709000000, 0x0000000709000000, 0x0000000709200000|  0%| F|  |TAMS 0x0000000709000000, 0x0000000709000000| Untracked 
|  69|0x0000000709200000, 0x0000000709200000, 0x0000000709400000|  0%| F|  |TAMS 0x0000000709200000, 0x0000000709200000| Untracked 
|  70|0x0000000709400000, 0x0000000709400000, 0x0000000709600000|  0%| F|  |TAMS 0x0000000709400000, 0x0000000709400000| Untracked 
|  71|0x0000000709600000, 0x0000000709600000, 0x0000000709800000|  0%| F|  |TAMS 0x0000000709600000, 0x0000000709600000| Untracked 
|  72|0x0000000709800000, 0x0000000709800000, 0x0000000709a00000|  0%| F|  |TAMS 0x0000000709800000, 0x0000000709800000| Untracked 
|  73|0x0000000709a00000, 0x0000000709a00000, 0x0000000709c00000|  0%| F|  |TAMS 0x0000000709a00000, 0x0000000709a00000| Untracked 
|  74|0x0000000709c00000, 0x0000000709c00000, 0x0000000709e00000|  0%| F|  |TAMS 0x0000000709c00000, 0x0000000709c00000| Untracked 
|  75|0x0000000709e00000, 0x0000000709e00000, 0x000000070a000000|  0%| F|  |TAMS 0x0000000709e00000, 0x0000000709e00000| Untracked 
|  76|0x000000070a000000, 0x000000070a000000, 0x000000070a200000|  0%| F|  |TAMS 0x000000070a000000, 0x000000070a000000| Untracked 
|  77|0x000000070a200000, 0x000000070a200000, 0x000000070a400000|  0%| F|  |TAMS 0x000000070a200000, 0x000000070a200000| Untracked 
|  78|0x000000070a400000, 0x000000070a400000, 0x000000070a600000|  0%| F|  |TAMS 0x000000070a400000, 0x000000070a400000| Untracked 
|  79|0x000000070a600000, 0x000000070a600000, 0x000000070a800000|  0%| F|  |TAMS 0x000000070a600000, 0x000000070a600000| Untracked 
|  80|0x000000070a800000, 0x000000070a800000, 0x000000070aa00000|  0%| F|  |TAMS 0x000000070a800000, 0x000000070a800000| Untracked 
|  81|0x000000070aa00000, 0x000000070aa00000, 0x000000070ac00000|  0%| F|  |TAMS 0x000000070aa00000, 0x000000070aa00000| Untracked 
|  82|0x000000070ac00000, 0x000000070ac00000, 0x000000070ae00000|  0%| F|  |TAMS 0x000000070ac00000, 0x000000070ac00000| Untracked 
|  83|0x000000070ae00000, 0x000000070ae00000, 0x000000070b000000|  0%| F|  |TAMS 0x000000070ae00000, 0x000000070ae00000| Untracked 
|  84|0x000000070b000000, 0x000000070b000000, 0x000000070b200000|  0%| F|  |TAMS 0x000000070b000000, 0x000000070b000000| Untracked 
|  85|0x000000070b200000, 0x000000070b200000, 0x000000070b400000|  0%| F|  |TAMS 0x000000070b200000, 0x000000070b200000| Untracked 
|  86|0x000000070b400000, 0x000000070b400000, 0x000000070b600000|  0%| F|  |TAMS 0x000000070b400000, 0x000000070b400000| Untracked 
|  87|0x000000070b600000, 0x000000070b600000, 0x000000070b800000|  0%| F|  |TAMS 0x000000070b600000, 0x000000070b600000| Untracked 
|  88|0x000000070b800000, 0x000000070b800000, 0x000000070ba00000|  0%| F|  |TAMS 0x000000070b800000, 0x000000070b800000| Untracked 
|  89|0x000000070ba00000, 0x000000070ba00000, 0x000000070bc00000|  0%| F|  |TAMS 0x000000070ba00000, 0x000000070ba00000| Untracked 
|  90|0x000000070bc00000, 0x000000070bc00000, 0x000000070be00000|  0%| F|  |TAMS 0x000000070bc00000, 0x000000070bc00000| Untracked 
|  91|0x000000070be00000, 0x000000070be00000, 0x000000070c000000|  0%| F|  |TAMS 0x000000070be00000, 0x000000070be00000| Untracked 
|  92|0x000000070c000000, 0x000000070c000000, 0x000000070c200000|  0%| F|  |TAMS 0x000000070c000000, 0x000000070c000000| Untracked 
|  93|0x000000070c200000, 0x000000070c200000, 0x000000070c400000|  0%| F|  |TAMS 0x000000070c200000, 0x000000070c200000| Untracked 
|  94|0x000000070c400000, 0x000000070c400000, 0x000000070c600000|  0%| F|  |TAMS 0x000000070c400000, 0x000000070c400000| Untracked 
|  95|0x000000070c600000, 0x000000070c600000, 0x000000070c800000|  0%| F|  |TAMS 0x000000070c600000, 0x000000070c600000| Untracked 
|  96|0x000000070c800000, 0x000000070c800000, 0x000000070ca00000|  0%| F|  |TAMS 0x000000070c800000, 0x000000070c800000| Untracked 
|  97|0x000000070ca00000, 0x000000070ca00000, 0x000000070cc00000|  0%| F|  |TAMS 0x000000070ca00000, 0x000000070ca00000| Untracked 
|  98|0x000000070cc00000, 0x000000070cc00000, 0x000000070ce00000|  0%| F|  |TAMS 0x000000070cc00000, 0x000000070cc00000| Untracked 
|  99|0x000000070ce00000, 0x000000070ce00000, 0x000000070d000000|  0%| F|  |TAMS 0x000000070ce00000, 0x000000070ce00000| Untracked 
| 100|0x000000070d000000, 0x000000070d000000, 0x000000070d200000|  0%| F|  |TAMS 0x000000070d000000, 0x000000070d000000| Untracked 
| 101|0x000000070d200000, 0x000000070d200000, 0x000000070d400000|  0%| F|  |TAMS 0x000000070d200000, 0x000000070d200000| Untracked 
| 102|0x000000070d400000, 0x000000070d400000, 0x000000070d600000|  0%| F|  |TAMS 0x000000070d400000, 0x000000070d400000| Untracked 
| 103|0x000000070d600000, 0x000000070d600000, 0x000000070d800000|  0%| F|  |TAMS 0x000000070d600000, 0x000000070d600000| Untracked 
| 104|0x000000070d800000, 0x000000070d800000, 0x000000070da00000|  0%| F|  |TAMS 0x000000070d800000, 0x000000070d800000| Untracked 
| 105|0x000000070da00000, 0x000000070da00000, 0x000000070dc00000|  0%| F|  |TAMS 0x000000070da00000, 0x000000070da00000| Untracked 
| 106|0x000000070dc00000, 0x000000070dc00000, 0x000000070de00000|  0%| F|  |TAMS 0x000000070dc00000, 0x000000070dc00000| Untracked 
| 107|0x000000070de00000, 0x000000070de00000, 0x000000070e000000|  0%| F|  |TAMS 0x000000070de00000, 0x000000070de00000| Untracked 
| 108|0x000000070e000000, 0x000000070e000000, 0x000000070e200000|  0%| F|  |TAMS 0x000000070e000000, 0x000000070e000000| Untracked 
| 109|0x000000070e200000, 0x000000070e200000, 0x000000070e400000|  0%| F|  |TAMS 0x000000070e200000, 0x000000070e200000| Untracked 
| 110|0x000000070e400000, 0x000000070e400000, 0x000000070e600000|  0%| F|  |TAMS 0x000000070e400000, 0x000000070e400000| Untracked 
| 111|0x000000070e600000, 0x000000070e600000, 0x000000070e800000|  0%| F|  |TAMS 0x000000070e600000, 0x000000070e600000| Untracked 
| 112|0x000000070e800000, 0x000000070e800000, 0x000000070ea00000|  0%| F|  |TAMS 0x000000070e800000, 0x000000070e800000| Untracked 
| 113|0x000000070ea00000, 0x000000070ea00000, 0x000000070ec00000|  0%| F|  |TAMS 0x000000070ea00000, 0x000000070ea00000| Untracked 
| 114|0x000000070ec00000, 0x000000070ec00000, 0x000000070ee00000|  0%| F|  |TAMS 0x000000070ec00000, 0x000000070ec00000| Untracked 
| 115|0x000000070ee00000, 0x000000070ee00000, 0x000000070f000000|  0%| F|  |TAMS 0x000000070ee00000, 0x000000070ee00000| Untracked 
| 116|0x000000070f000000, 0x000000070f000000, 0x000000070f200000|  0%| F|  |TAMS 0x000000070f000000, 0x000000070f000000| Untracked 
| 117|0x000000070f200000, 0x000000070f200000, 0x000000070f400000|  0%| F|  |TAMS 0x000000070f200000, 0x000000070f200000| Untracked 
| 118|0x000000070f400000, 0x000000070f400000, 0x000000070f600000|  0%| F|  |TAMS 0x000000070f400000, 0x000000070f400000| Untracked 
| 119|0x000000070f600000, 0x000000070f600000, 0x000000070f800000|  0%| F|  |TAMS 0x000000070f600000, 0x000000070f600000| Untracked 
| 120|0x000000070f800000, 0x000000070f800000, 0x000000070fa00000|  0%| F|  |TAMS 0x000000070f800000, 0x000000070f800000| Untracked 
| 121|0x000000070fa00000, 0x000000070fa00000, 0x000000070fc00000|  0%| F|  |TAMS 0x000000070fa00000, 0x000000070fa00000| Untracked 
| 122|0x000000070fc00000, 0x000000070fc00000, 0x000000070fe00000|  0%| F|  |TAMS 0x000000070fc00000, 0x000000070fc00000| Untracked 
| 123|0x000000070fe00000, 0x000000070fe00000, 0x0000000710000000|  0%| F|  |TAMS 0x000000070fe00000, 0x000000070fe00000| Untracked 
| 124|0x0000000710000000, 0x0000000710000000, 0x0000000710200000|  0%| F|  |TAMS 0x0000000710000000, 0x0000000710000000| Untracked 
| 125|0x0000000710200000, 0x0000000710400000, 0x0000000710400000|100%| E|  |TAMS 0x0000000710200000, 0x0000000710200000| Complete 
| 126|0x0000000710400000, 0x0000000710600000, 0x0000000710600000|100%| E|CS|TAMS 0x0000000710400000, 0x0000000710400000| Complete 
| 127|0x0000000710600000, 0x0000000710800000, 0x0000000710800000|100%| E|CS|TAMS 0x0000000710600000, 0x0000000710600000| Complete 

Card table byte_map: [0x000002de35f50000,0x000002de36750000] _byte_map_base: 0x000002de3274c000

Marking Bits (Prev, Next): (CMBitMap*) 0x000002de1eae1340, (CMBitMap*) 0x000002de1eae1380
 Prev Bits: [0x000002de36f50000, 0x000002de3af30000)
 Next Bits: [0x000002de3af30000, 0x000002de3ef10000)

Polling page: 0x000002de1c990000

Metaspace:

Usage:
  Non-class:      2.02 MB used.
      Class:    137.57 KB used.
       Both:      2.16 MB used.

Virtual space:
  Non-class space:       64.00 MB reserved,       2.06 MB (  3%) committed,  1 nodes.
      Class space:        1.00 GB reserved,     256.00 KB ( <1%) committed,  1 nodes.
             Both:        1.06 GB reserved,       2.31 MB ( <1%) committed. 

Chunk freelists:
   Non-Class:  2.94 MB
       Class:  3.67 MB
        Both:  6.60 MB

MaxMetaspaceSize: unlimited
CompressedClassSpaceSize: 1.00 GB
Initial GC threshold: 21.00 MB
Current GC threshold: 21.00 MB
CDS: on
MetaspaceReclaimPolicy: balanced
 - commit_granule_bytes: 65536.
 - commit_granule_words: 8192.
 - virtual_space_node_default_size: 8388608.
 - enlarge_chunks_in_place: 1.
 - new_chunks_are_fully_committed: 0.
 - uncommit_free_chunks: 1.
 - use_allocation_guard: 0.


Internal statistics:

num_allocs_failed_limit: 0.
num_arena_births: 80.
num_arena_deaths: 0.
num_vsnodes_births: 2.
num_vsnodes_deaths: 0.
num_space_committed: 37.
num_space_uncommitted: 0.
num_chunks_returned_to_freelist: 0.
num_chunks_taken_from_freelist: 136.
num_chunk_merges: 0.
num_chunk_splits: 90.
num_chunks_enlarged: 58.
num_inconsistent_stats: 0.

CodeHeap 'non-profiled nmethods': size=120000Kb used=136Kb max_used=136Kb free=119863Kb
 bounds [0x000002de2e110000, 0x000002de2e380000, 0x000002de35640000]
CodeHeap 'profiled nmethods': size=120000Kb used=637Kb max_used=637Kb free=119362Kb
 bounds [0x000002de26be0000, 0x000002de26e50000, 0x000002de2e110000]
CodeHeap 'non-nmethods': size=5760Kb used=1177Kb max_used=1191Kb free=4583Kb
 bounds [0x000002de26640000, 0x000002de268b0000, 0x000002de26be0000]
 total_blobs=909 nmethods=447 adapters=375
 compilation: enabled
              stopped_count=0, restarted_count=0
 full_count=0

Compilation events (20 events):
Event: 0.153 Thread 0x000002de416f8ff0  437       4       java.lang.String::getBytes (44 bytes)
Event: 0.154 Thread 0x000002de416edde0  439       3       java.lang.Integer::toUnsignedLong (7 bytes)
Event: 0.154 Thread 0x000002de416edde0 nmethod 439 0x000002de26c7cf10 code [0x000002de26c7d0a0, 0x000002de26c7d198]
Event: 0.154 Thread 0x000002de416edde0  440       3       sun.misc.Unsafe::putLong (11 bytes)
Event: 0.154 Thread 0x000002de416edde0 nmethod 440 0x000002de26c7d210 code [0x000002de26c7d3a0, 0x000002de26c7d4b8]
Event: 0.154 Thread 0x000002de416edde0  441       3       org.lwjgl.system.MemoryUtil::memPutAddress (29 bytes)
Event: 0.154 Thread 0x000002de416edde0 nmethod 441 0x000002de26c7d590 code [0x000002de26c7d740, 0x000002de26c7d938]
Event: 0.154 Thread 0x000002de416edde0  443       3       java.util.WeakHashMap::maskNull (12 bytes)
Event: 0.154 Thread 0x000002de416edde0 nmethod 443 0x000002de26c7da10 code [0x000002de26c7dba0, 0x000002de26c7dcd8]
Event: 0.154 Thread 0x000002de416edde0  444       3       java.util.WeakHashMap::hash (28 bytes)
Event: 0.154 Thread 0x000002de416f8ff0 nmethod 437 0x000002de2e131810 code [0x000002de2e131980, 0x000002de2e131ad8]
Event: 0.154 Thread 0x000002de416f8ff0  442       4       java.lang.Integer::toUnsignedLong (7 bytes)
Event: 0.154 Thread 0x000002de416edde0 nmethod 444 0x000002de26c7dd90 code [0x000002de26c7df40, 0x000002de26c7e128]
Event: 0.154 Thread 0x000002de416edde0  445       3       java.util.WeakHashMap::indexFor (6 bytes)
Event: 0.154 Thread 0x000002de416edde0 nmethod 445 0x000002de26c7e210 code [0x000002de26c7e3a0, 0x000002de26c7e498]
Event: 0.154 Thread 0x000002de416f8ff0 nmethod 442 0x000002de2e131c10 code [0x000002de2e131d80, 0x000002de2e131dd8]
Event: 0.156 Thread 0x000002de416f8ff0  446       4       java.lang.String::length (11 bytes)
Event: 0.156 Thread 0x000002de416edde0  447       3       sun.net.www.ParseUtil::firstEncodeIndex (86 bytes)
Event: 0.156 Thread 0x000002de416f8ff0 nmethod 446 0x000002de2e131f10 code [0x000002de2e132080, 0x000002de2e132118]
Event: 0.156 Thread 0x000002de416edde0 nmethod 447 0x000002de26c7e510 code [0x000002de26c7e740, 0x000002de26c7f148]

GC Heap History (0 events):
No events

Deoptimization events (8 events):
Event: 0.086 Thread 0x000002de1ea708c0 DEOPT PACKING pc=0x000002de26bf89e7 sp=0x000000f7da9f7f70
Event: 0.086 Thread 0x000002de1ea708c0 DEOPT UNPACKING pc=0x000002de26692b43 sp=0x000000f7da9f7390 mode 0
Event: 0.103 Thread 0x000002de1ea708c0 DEOPT PACKING pc=0x000002de26be7551 sp=0x000000f7da9f9150
Event: 0.103 Thread 0x000002de1ea708c0 DEOPT UNPACKING pc=0x000002de26692b43 sp=0x000000f7da9f85c8 mode 0
Event: 0.120 Thread 0x000002de1ea708c0 Uncommon trap: trap_request=0xffffff45 fr.pc=0x000002de2e122264 relative=0x0000000000000064
Event: 0.120 Thread 0x000002de1ea708c0 Uncommon trap: reason=unstable_if action=reinterpret pc=0x000002de2e122264 method=java.io.WinNTFileSystem.isSlash(C)Z @ 9 c2
Event: 0.120 Thread 0x000002de1ea708c0 DEOPT PACKING pc=0x000002de2e122264 sp=0x000000f7da9fc450
Event: 0.120 Thread 0x000002de1ea708c0 DEOPT UNPACKING pc=0x000002de266923a3 sp=0x000000f7da9fc3d8 mode 2

Classes loaded (20 events):
Event: 0.138 Loading class java/nio/DirectCharBufferU
Event: 0.138 Loading class java/nio/DirectCharBufferU done
Event: 0.139 Loading class java/nio/DirectFloatBufferU
Event: 0.139 Loading class java/nio/DirectFloatBufferU done
Event: 0.139 Loading class java/nio/DirectDoubleBufferU
Event: 0.139 Loading class java/nio/DirectDoubleBufferU done
Event: 0.139 Loading class sun/misc/Unsafe
Event: 0.139 Loading class sun/misc/Unsafe done
Event: 0.140 Loading class java/lang/invoke/DirectMethodHandle$StaticAccessor
Event: 0.140 Loading class java/lang/invoke/DirectMethodHandle$StaticAccessor done
Event: 0.141 Loading class java/util/function/LongPredicate
Event: 0.141 Loading class java/util/function/LongPredicate done
Event: 0.143 Loading class jdk/internal/access/foreign/MemorySegmentProxy
Event: 0.143 Loading class jdk/internal/access/foreign/MemorySegmentProxy done
Event: 0.146 Loading class java/nio/InvalidMarkException
Event: 0.146 Loading class java/nio/InvalidMarkException done
Event: 0.146 Loading class java/nio/BufferUnderflowException
Event: 0.146 Loading class java/nio/BufferUnderflowException done
Event: 0.147 Loading class java/lang/IndexOutOfBoundsException
Event: 0.148 Loading class java/lang/IndexOutOfBoundsException done

Classes unloaded (0 events):
No events

Classes redefined (0 events):
No events

Internal exceptions (20 events):
Event: 0.089 Thread 0x000002de1ea708c0 Exception <a 'java/lang/NoSuchMethodError'{0x0000000710565420}: 'void java.lang.invoke.DirectMethodHandle$Holder.invokeSpecial(java.lang.Object, java.lang.Object, java.lang.Object)'> (0x0000000710565420) 
thrown [s\src\hotspot\share\interpreter\linkResolver.cpp, line 759]
Event: 0.090 Thread 0x000002de1ea708c0 Exception <a 'java/lang/NoSuchMethodError'{0x0000000710578238}: 'java.lang.Object java.lang.invoke.DirectMethodHandle$Holder.invokeStatic(java.lang.Object, java.lang.Object, int)'> (0x0000000710578238) 
thrown [s\src\hotspot\share\interpreter\linkResolver.cpp, line 759]
Event: 0.091 Thread 0x000002de1ea708c0 Exception <a 'java/lang/NoSuchMethodError'{0x0000000710584048}: 'void java.lang.invoke.DelegatingMethodHandle$Holder.delegate(java.lang.Object, java.lang.Object, int, java.lang.Object)'> (0x0000000710584048) 
thrown [s\src\hotspot\share\interpreter\linkResolver.cpp, line 759]
Event: 0.092 Thread 0x000002de1ea708c0 Exception <a 'java/lang/NoSuchMethodError'{0x00000007105882f8}: 'int java.lang.invoke.DirectMethodHandle$Holder.invokeSpecial(java.lang.Object, java.lang.Object, java.lang.Object)'> (0x00000007105882f8) 
thrown [s\src\hotspot\share\interpreter\linkResolver.cpp, line 759]
Event: 0.096 Thread 0x000002de1ea708c0 Exception <a 'java/lang/NoSuchMethodError'{0x00000007105a9ff8}: 'void java.lang.System.loadLibrary(java.lang.String, java.lang.Class)'> (0x00000007105a9ff8) 
thrown [s\src\hotspot\share\interpreter\linkResolver.cpp, line 759]
Event: 0.106 Thread 0x000002de1ea708c0 Exception <a 'java/lang/NoSuchMethodError'{0x000000071020b620}: 'void java.lang.System.load(java.lang.String, java.lang.Class)'> (0x000000071020b620) 
thrown [s\src\hotspot\share\interpreter\linkResolver.cpp, line 759]
Event: 0.106 Thread 0x000002de1ea708c0 Exception <a 'java/lang/NoSuchMethodError'{0x000000071020e5a8}: 'void java.lang.System.loadLibrary(java.lang.String, java.lang.Class)'> (0x000000071020e5a8) 
thrown [s\src\hotspot\share\interpreter\linkResolver.cpp, line 759]
Event: 0.125 Thread 0x000002de1ea708c0 Exception <a 'sun/nio/fs/WindowsException'{0x000000071025cc40}> (0x000000071025cc40) 
thrown [s\src\hotspot\share\prims\jni.cpp, line 516]
Event: 0.125 Thread 0x000002de1ea708c0 Exception <a 'sun/nio/fs/WindowsException'{0x000000071025d1a0}> (0x000000071025d1a0) 
thrown [s\src\hotspot\share\prims\jni.cpp, line 516]
Event: 0.130 Thread 0x000002de1ea708c0 Exception <a 'sun/nio/fs/WindowsException'{0x0000000710272378}> (0x0000000710272378) 
thrown [s\src\hotspot\share\prims\jni.cpp, line 516]
Event: 0.130 Thread 0x000002de1ea708c0 Exception <a 'sun/nio/fs/WindowsException'{0x0000000710272728}> (0x0000000710272728) 
thrown [s\src\hotspot\share\prims\jni.cpp, line 516]
Event: 0.133 Thread 0x000002de1ea708c0 Exception <a 'sun/nio/fs/WindowsException'{0x000000071027a150}> (0x000000071027a150) 
thrown [s\src\hotspot\share\prims\jni.cpp, line 516]
Event: 0.133 Thread 0x000002de1ea708c0 Exception <a 'sun/nio/fs/WindowsException'{0x000000071027a440}> (0x000000071027a440) 
thrown [s\src\hotspot\share\prims\jni.cpp, line 516]
Event: 0.137 Thread 0x000002de1ea708c0 Exception <a 'java/lang/NoSuchMethodError'{0x00000007102b3460}: 'java.lang.Object java.lang.invoke.DirectMethodHandle$Holder.invokeStaticInit(java.lang.Object)'> (0x00000007102b3460) 
thrown [s\src\hotspot\share\interpreter\linkResolver.cpp, line 759]
Event: 0.142 Thread 0x000002de1ea708c0 Exception <a 'java/lang/NoSuchMethodError'{0x00000007102d1c30}: 'int java.lang.invoke.DirectMethodHandle$Holder.invokeStaticInit(java.lang.Object, java.lang.Object, int, long)'> (0x00000007102d1c30) 
thrown [s\src\hotspot\share\interpreter\linkResolver.cpp, line 759]
Event: 0.142 Thread 0x000002de1ea708c0 Exception <a 'java/lang/NoSuchMethodError'{0x00000007102d77a0}: 'java.lang.Object java.lang.invoke.DirectMethodHandle$Holder.newInvokeSpecial(java.lang.Object, java.lang.Object, int)'> (0x00000007102d77a0) 
thrown [s\src\hotspot\share\interpreter\linkResolver.cpp, line 759]
Event: 0.144 Thread 0x000002de1ea708c0 Exception <a 'java/lang/NoSuchMethodError'{0x00000007102e7a10}: 'int java.lang.invoke.DirectMethodHandle$Holder.invokeStaticInit(java.lang.Object, java.lang.Object, long, long)'> (0x00000007102e7a10) 
thrown [s\src\hotspot\share\interpreter\linkResolver.cpp, line 759]
Event: 0.144 Thread 0x000002de1ea708c0 Exception <a 'java/lang/NoSuchMethodError'{0x00000007102ed798}: 'java.lang.Object java.lang.invoke.DirectMethodHandle$Holder.newInvokeSpecial(java.lang.Object, java.lang.Object, long)'> (0x00000007102ed798) 
thrown [s\src\hotspot\share\interpreter\linkResolver.cpp, line 759]
Event: 0.145 Thread 0x000002de1ea708c0 Exception <a 'java/lang/NoSuchMethodError'{0x00000007102f1310}: 'java.lang.Object java.lang.invoke.Invokers$Holder.linkToTargetMethod(java.lang.Object, long, java.lang.Object)'> (0x00000007102f1310) 
thrown [s\src\hotspot\share\interpreter\linkResolver.cpp, line 759]
Event: 0.145 Thread 0x000002de1ea708c0 Exception <a 'java/lang/NoSuchMethodError'{0x00000007102f8788}: 'int java.lang.invoke.DirectMethodHandle$Holder.invokeStaticInit(java.lang.Object, java.lang.Object, java.lang.Object, long)'> (0x00000007102f8788) 
thrown [s\src\hotspot\share\interpreter\linkResolver.cpp, line 759]

VM Operations (4 events):
Event: 0.064 Executing VM operation: HandshakeAllThreads
Event: 0.064 Executing VM operation: HandshakeAllThreads done
Event: 0.120 Executing VM operation: HandshakeAllThreads
Event: 0.120 Executing VM operation: HandshakeAllThreads done

Events (20 events):
Event: 0.005 Loaded shared library C:\Users\Arthur\.jdks\corretto-18.0.2\bin\java.dll
Event: 0.012 Loaded shared library C:\Users\Arthur\.jdks\corretto-18.0.2\bin\jsvml.dll
Event: 0.012 Thread 0x000002de1ea708c0 Thread added: 0x000002de1ea708c0
Event: 0.014 Thread 0x000002de416cc4e0 Thread added: 0x000002de416cc4e0
Event: 0.014 Thread 0x000002de416cce80 Thread added: 0x000002de416cce80
Event: 0.022 Thread 0x000002de416e35c0 Thread added: 0x000002de416e35c0
Event: 0.022 Thread 0x000002de416e3e70 Thread added: 0x000002de416e3e70
Event: 0.022 Thread 0x000002de416e4810 Thread added: 0x000002de416e4810
Event: 0.022 Thread 0x000002de416ed300 Thread added: 0x000002de416ed300
Event: 0.022 Thread 0x000002de416f8ff0 Thread added: 0x000002de416f8ff0
Event: 0.022 Thread 0x000002de416edde0 Thread added: 0x000002de416edde0
Event: 0.022 Thread 0x000002de416ef3e0 Thread added: 0x000002de416ef3e0
Event: 0.042 Thread 0x000002de459acd70 Thread added: 0x000002de459acd70
Event: 0.044 Thread 0x000002de459ade70 Thread added: 0x000002de459ade70
Event: 0.060 Loaded shared library C:\Users\Arthur\.jdks\corretto-18.0.2\bin\net.dll
Event: 0.061 Loaded shared library C:\Users\Arthur\.jdks\corretto-18.0.2\bin\nio.dll
Event: 0.064 Loaded shared library C:\Users\Arthur\.jdks\corretto-18.0.2\bin\zip.dll
Event: 0.110 Loaded shared library C:\Users\Arthur\.jdks\corretto-18.0.2\bin\jimage.dll
Event: 0.126 Loaded shared library C:\Users\Arthur\AppData\Local\Temp\lwjglArthur\3.3.1-build-7\lwjgl.dll
Event: 0.131 Loaded shared library C:\Users\Arthur\AppData\Local\Temp\lwjglArthur\3.3.1-build-7\lwjgl_opengl.dll


Dynamic libraries:
0x00007ff68bdf0000 - 0x00007ff68bdfd000 	C:\Users\Arthur\.jdks\corretto-18.0.2\bin\java.exe
0x00007ffca9770000 - 0x00007ffca9968000 	C:\WINDOWS\SYSTEM32\ntdll.dll
0x00007ffca8370000 - 0x00007ffca842f000 	C:\WINDOWS\System32\KERNEL32.DLL
0x00007ffca7130000 - 0x00007ffca7402000 	C:\WINDOWS\System32\KERNELBASE.dll
0x00007ffca7030000 - 0x00007ffca7130000 	C:\WINDOWS\System32\ucrtbase.dll
0x00007ffc91700000 - 0x00007ffc91717000 	C:\Users\Arthur\.jdks\corretto-18.0.2\bin\jli.dll
0x00007ffc91460000 - 0x00007ffc91475000 	C:\Users\Arthur\.jdks\corretto-18.0.2\bin\VCRUNTIME140.dll
0x00007ffca9580000 - 0x00007ffca9721000 	C:\WINDOWS\System32\USER32.dll
0x00007ffc96de0000 - 0x00007ffc9707a000 	C:\WINDOWS\WinSxS\amd64_microsoft.windows.common-controls_6595b64144ccf1df_6.0.19041.1110_none_60b5254171f9507e\COMCTL32.dll
0x00007ffca6f40000 - 0x00007ffca6f62000 	C:\WINDOWS\System32\win32u.dll
0x00007ffca8ff0000 - 0x00007ffca908e000 	C:\WINDOWS\System32\msvcrt.dll
0x00007ffca79e0000 - 0x00007ffca7a0b000 	C:\WINDOWS\System32\GDI32.dll
0x00007ffca7610000 - 0x00007ffca771f000 	C:\WINDOWS\System32\gdi32full.dll
0x00007ffca7410000 - 0x00007ffca74ad000 	C:\WINDOWS\System32\msvcp_win.dll
0x00007ffca7b70000 - 0x00007ffca7ba2000 	C:\WINDOWS\System32\IMM32.DLL
0x00007ffc85190000 - 0x00007ffc8522b000 	C:\Users\Arthur\.jdks\corretto-18.0.2\bin\msvcp140.dll
0x00007ffc39cb0000 - 0x00007ffc3a921000 	C:\Users\Arthur\.jdks\corretto-18.0.2\bin\server\jvm.dll
0x00007ffca8be0000 - 0x00007ffca8c8e000 	C:\WINDOWS\System32\ADVAPI32.dll
0x00007ffca9270000 - 0x00007ffca930c000 	C:\WINDOWS\System32\sechost.dll
0x00007ffca9090000 - 0x00007ffca91b5000 	C:\WINDOWS\System32\RPCRT4.dll
0x00007ffca7ad0000 - 0x00007ffca7ad8000 	C:\WINDOWS\System32\PSAPI.DLL
0x00007ffca2960000 - 0x00007ffca2969000 	C:\WINDOWS\SYSTEM32\WSOCK32.dll
0x00007ffc9feb0000 - 0x00007ffc9fed7000 	C:\WINDOWS\SYSTEM32\WINMM.dll
0x00007ffca0b30000 - 0x00007ffca0b3a000 	C:\WINDOWS\SYSTEM32\VERSION.dll
0x00007ffca9510000 - 0x00007ffca957b000 	C:\WINDOWS\System32\WS2_32.dll
0x00007ffca4d40000 - 0x00007ffca4d52000 	C:\WINDOWS\SYSTEM32\kernel.appcore.dll
0x00007ffc92b70000 - 0x00007ffc92b7a000 	C:\Users\Arthur\.jdks\corretto-18.0.2\bin\jimage.dll
0x00007ffc98740000 - 0x00007ffc98924000 	C:\WINDOWS\SYSTEM32\DBGHELP.DLL
0x00007ffc92750000 - 0x00007ffc92785000 	C:\WINDOWS\SYSTEM32\dbgcore.DLL
0x00007ffca7720000 - 0x00007ffca77a2000 	C:\WINDOWS\System32\bcryptPrimitives.dll
0x00007ffc8f930000 - 0x00007ffc8f955000 	C:\Users\Arthur\.jdks\corretto-18.0.2\bin\java.dll
0x00007ffc7e710000 - 0x00007ffc7e7e6000 	C:\Users\Arthur\.jdks\corretto-18.0.2\bin\jsvml.dll
0x00007ffca8490000 - 0x00007ffca8bd4000 	C:\WINDOWS\System32\SHELL32.dll
0x00007ffca4f40000 - 0x00007ffca56d2000 	C:\WINDOWS\SYSTEM32\windows.storage.dll
0x00007ffca8c90000 - 0x00007ffca8fe5000 	C:\WINDOWS\System32\combase.dll
0x00007ffca67e0000 - 0x00007ffca6810000 	C:\WINDOWS\SYSTEM32\Wldp.dll
0x00007ffca91c0000 - 0x00007ffca926d000 	C:\WINDOWS\System32\SHCORE.dll
0x00007ffca7a70000 - 0x00007ffca7ac5000 	C:\WINDOWS\System32\shlwapi.dll
0x00007ffca6da0000 - 0x00007ffca6dbf000 	C:\WINDOWS\SYSTEM32\profapi.dll
0x00007ffc8f030000 - 0x00007ffc8f043000 	C:\Users\Arthur\.jdks\corretto-18.0.2\bin\net.dll
0x00007ffca03c0000 - 0x00007ffca04cc000 	C:\WINDOWS\SYSTEM32\WINHTTP.dll
0x00007ffca6540000 - 0x00007ffca65aa000 	C:\WINDOWS\system32\mswsock.dll
0x00007ffc8f010000 - 0x00007ffc8f025000 	C:\Users\Arthur\.jdks\corretto-18.0.2\bin\nio.dll
0x00007ffc8d7e0000 - 0x00007ffc8d7f8000 	C:\Users\Arthur\.jdks\corretto-18.0.2\bin\zip.dll
0x00007ffc839d0000 - 0x00007ffc83a45000 	C:\Users\Arthur\AppData\Local\Temp\lwjglArthur\3.3.1-build-7\lwjgl.dll
0x00007ffc7c180000 - 0x00007ffc7c1dd000 	C:\Users\Arthur\AppData\Local\Temp\lwjglArthur\3.3.1-build-7\lwjgl_opengl.dll
0x00007ffc7b8d0000 - 0x00007ffc7b9f5000 	C:\WINDOWS\SYSTEM32\opengl32.dll
0x00007ffc91850000 - 0x00007ffc9187c000 	C:\WINDOWS\SYSTEM32\GLU32.dll

dbghelp: loaded successfully - version: 4.0.5 - missing functions: none
symbol engine: initialized successfully - sym options: 0x614 - pdb path: .;C:\Users\Arthur\.jdks\corretto-18.0.2\bin;C:\WINDOWS\SYSTEM32;C:\WINDOWS\WinSxS\amd64_microsoft.windows.common-controls_6595b64144ccf1df_6.0.19041.1110_none_60b5254171f9507e;C:\Users\Arthur\.jdks\corretto-18.0.2\bin\server;C:\Users\Arthur\AppData\Local\Temp\lwjglArthur\3.3.1-build-7

VM Arguments:
jvm_args: -Dfile.encoding=windows-1252 -Duser.country=US -Duser.language=en -Duser.variant 
java_command: com.aderugy.rugyengine2d.RugyEngine2D
java_class_path (initial): C:\Users\Arthur\Desktop\Java\Projects\RugyEngine2D\build\classes\java\main;C:\Users\Arthur\Desktop\Java\Projects\RugyEngine2D\build\resources\main;C:\Users\Arthur\.gradle\caches\modules-2\files-2.1\org.lwjgl\lwjgl-assimp\3.3.1\312072f451794f25670aebb0160ce6ec88aff842\lwjgl-assimp-3.3.1.jar;C:\Users\Arthur\.gradle\caches\modules-2\files-2.1\org.lwjgl\lwjgl-assimp\3.3.1\bfa2a0d57acbf952b716d0ad8a3acbd7ad9f5639\lwjgl-assimp-3.3.1-natives-windows.jar;C:\Users\Arthur\.gradle\caches\modules-2\files-2.1\org.lwjgl\lwjgl-bgfx\3.3.1\4243b7d255d885980f10c36edfb678729493685e\lwjgl-bgfx-3.3.1.jar;C:\Users\Arthur\.gradle\caches\modules-2\files-2.1\org.lwjgl\lwjgl-bgfx\3.3.1\12f22e13c99db9153124dbc17b84fe0233c6f3d5\lwjgl-bgfx-3.3.1-natives-windows.jar;C:\Users\Arthur\.gradle\caches\modules-2\files-2.1\org.lwjgl\lwjgl-glfw\3.3.1\cbac1b8d30cb4795149c1ef540f912671a8616d0\lwjgl-glfw-3.3.1.jar;C:\Users\Arthur\.gradle\caches\modules-2\files-2.1\org.lwjgl\lwjgl-glfw\3.3.1\ed892f945cf7e79c8756796f32d00fa4ceaf573b\lwjgl-glfw-3.3.1-natives-windows.jar;C:\Users\Arthur\.gradle\caches\modules-2\files-2.1\org.lwjgl\lwjgl-nanovg\3.3.1\2f3b4d8f9b8de598517f105ce7e68560f25f11c6\lwjgl-nanovg-3.3.1.jar;C:\Users\Arthur\.gradle\caches\modules-2\files-2.1\org.lwjgl\lwjgl-nanovg\3.3.1\1da0ba083ec772b85b3ea49ba4a3750bf8c7f4e1\lwjgl-nanovg-3.3.1-natives-windows.jar;C:\Users\Arthur\.gradle\caches\modules-2\files-2.1\org.lwjgl\lwjgl-nuklear\3.3.1\628ccf80db3d623f1f559978e4246a23b2d1eeb1\lwjgl-nuklear-3.3.1.jar;C:\Users\Arthur\.gradle\caches\modules-2\files-2.1\org.lwjgl\lwjgl-nuklear\3.3.1\755c93226fa44597741e37c6649e86cefa46b262\lwjgl-nuklear-3.3.1-natives-windows.jar;C:\Users\Arthur\.gradle\caches\modules-2\files-2.1\org.lwjgl\lwjgl-openal\3.3.1\2623a6b8ae1dfcd880738656a9f0243d2e6840bd\lwjgl-openal-3.3.1.jar;C:\Users\Arthur\.gradle\caches\modules-2\files-2.1\org.lwjgl\lwjgl-openal\3.3.1\30a474d0e57193d7bc128849a3ab66bc9316fdb1\lwjgl-openal-3.3.1-natives-windows.jar;C:\Users\Arthur\.gradle\caches\modules-2\files-2.1\org.lwjgl\lwjgl-opengl\3.3.1\831a5533a21a5f4f81bbc51bb13e9899319b5411\lwjgl-opengl-3.3.1.jar;C:\Users\Arthur\.gradle\caches\modules-2\files-2.1\org.lwjgl\lwjgl-opengl\3.3.1\c1807e9bd571402787d7e37e3029776ae2513bb8\lwjgl-opengl-3.3.1-natives-windows.jar;C:\Users\Arthur\.gradle\caches\modules-2\files-2.1\org.lwjgl\lwjgl-par\3.3.1\5615580f6064af74d976a38274c7a07b44237996\lwjgl-par-3.3.1.jar;C:\Users\Arthur\.gradle\caches\modules-2\files-2.1\org.lwjgl\lwjgl-par\3.3.1\cf58334d830c59cf1f3d005ea2cc341c8001b9\lwjgl-par-3.3.1-natives-windows.jar;C:\Users\Arthur\.gradle\caches\modules-2\files-2.1\org.lwjgl\lwjgl-stb\3.3.1\b119297cf8ed01f247abe8685857f8e7fcf5980f\lwjgl-stb-3.3.1.jar;C:\Users\Arthur\.gradle\caches\modules-2\files-2.1\org.lwjgl\lwjgl-stb\3.3.1\86315914ac119efdb02dc9e8e978ade84f1702af\lwjgl-stb-3.3.1-natives-windows.jar;C:\Users\Arthur\.gradle\caches\modules-2\files-2.1\org.lwjgl\lwjgl-vulkan\3.3.1\4af1ebb27699d743aba74797b7ac4567f3f1fd4a\lwjgl-vulkan-3.3.1.jar;C:\Users\Arthur\.gradle\caches\modules-2\files-2.1\org.lwjgl\lwjgl\3.3.1\ae58664f88e18a9bb2c77b063833ca7aaec484cb\lwjgl-3.3.1.jar;C:\Users\Arthur\.gradle\caches\modules-2\files-2.1\org.lwjgl\lwjgl\3.3.1\36c37f16ab611b3aa11f3bcf80b1d509b4ce6b\lwjgl-3.3.1-natives-windows.jar
Launcher Type: SUN_STANDARD

[Global flags]
     intx CICompilerCount                          = 3                                         {product} {ergonomic}
     uint ConcGCThreads                            = 2                                         {product} {ergonomic}
     uint G1ConcRefinementThreads                  = 6                                         {product} {ergonomic}
   size_t G1HeapRegionSize                         = 2097152                                   {product} {ergonomic}
    uintx GCDrainStackTargetSize                   = 64                                        {product} {ergonomic}
   size_t InitialHeapSize                          = 268435456                                 {product} {ergonomic}
   size_t MarkStackSize                            = 4194304                                   {product} {ergonomic}
   size_t MaxHeapSize                              = 4286578688                                {product} {ergonomic}
   size_t MaxNewSize                               = 2571108352                                {product} {ergonomic}
   size_t MinHeapDeltaBytes                        = 2097152                                   {product} {ergonomic}
   size_t MinHeapSize                              = 8388608                                   {product} {ergonomic}
    uintx NonNMethodCodeHeapSize                   = 5832780                                {pd product} {ergonomic}
    uintx NonProfiledCodeHeapSize                  = 122912730                              {pd product} {ergonomic}
    uintx ProfiledCodeHeapSize                     = 122912730                              {pd product} {ergonomic}
    uintx ReservedCodeCacheSize                    = 251658240                              {pd product} {ergonomic}
     bool SegmentedCodeCache                       = true                                      {product} {ergonomic}
   size_t SoftMaxHeapSize                          = 4286578688                             {manageable} {ergonomic}
     bool UseCompressedClassPointers               = true                           {product lp64_product} {ergonomic}
     bool UseCompressedOops                        = true                           {product lp64_product} {ergonomic}
     bool UseG1GC                                  = true                                      {product} {ergonomic}
     bool UseLargePagesIndividualAllocation        = false                                  {pd product} {ergonomic}

Logging:
Log output configuration:
 #0: stdout all=warning uptime,level,tags foldmultilines=false
 #1: stderr all=off uptime,level,tags foldmultilines=false

Environment Variables:
PATH=C:\OCaml\bin;C:\Program Files (x86)\Common Files\Oracle\Java\javapath;C:\Program Files (x86)\Razer\ChromaBroadcast\bin;C:\Program Files\Razer\ChromaBroadcast\bin;C:\WINDOWS\system32;C:\WINDOWS;C:\WINDOWS\System32\Wbem;C:\WINDOWS\System32\WindowsPowerShell\v1.0\;C:\WINDOWS\System32\OpenSSH\;C:\Program Files (x86)\Overwatch\_retail_;C:\Users\Arthur\eclipse\java-2020-03\eclipse;C:\Program Files (x86)\NVIDIA Corporation\PhysX\Common;C:\Program Files\NVIDIA Corporation\NVIDIA NvDLISR;C:\Users\Arthur\AppData\Local\Microsoft\WindowsApps;C:\Users\Arthur\.dotnet\tools;C:\Users\Arthur\AppData\Local\GitHubDesktop\bin;C:\WebDriver\path\to\chromedriver;C:\WebDriver\path\to\geckodriver\geckodriver.exe;C:\WINDOWS\system32;C:\WINDOWS;C:\WINDOWS\System32\Wbem;C:\WINDOWS\System32\WindowsPowerShell\v1.0\;C:\WINDOWS\System32\OpenSSH\;C:\Program Files\Git\cmd;C:\Program Files\nodejs\;C:\Program Files\dotnet\;C:\Program Files\Microsoft SQL Server\130\Tools\Binn\;C:\Program Files\Microsoft SQL Server\Client SDK\ODBC\170\Tools\Binn\;C:\Users\Arthur\AppData\Local\Programs\Python\Python39\Scripts\;C:\Users\Arthur\AppData\Local\Programs\Python\Python39\;C:\Ruby27-x64\bin;C:\Users\Arthur\AppData\Local\Microsoft\WindowsApps;F:\WebStorm 2020.3.2\bin;;C:\Users\Arthur\AppData\Local\Microsoft\WindowsApps;C:\Users\Arthur\AppData\Local\Programs\Python\Python39\python.exe;C:\Users\Arthur\AppData\Local\GitHubDesktop\bin;C:\Users\Arthur\AppData\Local\Programs\Microsoft VS Code\bin;C:\Users\Arthur\AppData\Roaming\npm;C:\Users\Arthur\.dotnet\tools;F:\Programmes\IntelliJ IDEA 2022.3.1\bin;
USERNAME=Arthur
OS=Windows_NT
PROCESSOR_IDENTIFIER=Intel64 Family 6 Model 158 Stepping 10, GenuineIntel



---------------  S Y S T E M  ---------------

OS:
 Windows 10 , 64 bit Build 19041 (10.0.19041.2364)
OS uptime: 0 days 2:33 hours

CPU: total 6 (initial active 6) (6 cores per cpu, 1 threads per core) family 6 model 158 stepping 10 microcode 0xb4, cx8, cmov, fxsr, mmx, 3dnowpref, sse, sse2, sse3, ssse3, sse4.1, sse4.2, popcnt, lzcnt, tsc, tscinvbit, avx, avx2, aes, erms, clmul, bmi1, bmi2, rtm, adx, fma, vzeroupper, clflush, clflushopt

Memory: 4k page, system-wide physical 16344M (8837M free)
TotalPageFile size 18776M (AvailPageFile size 7979M)
current process WorkingSet (physical memory assigned to process): 42M, peak: 42M
current process commit charge ("private bytes"): 343M, peak: 343M

vm_info: OpenJDK 64-Bit Server VM (18.0.2+9-FR) for windows-amd64 JRE (18.0.2+9-FR), built on Jul 15 2022 20:03:03 by "Administrator" with MS VC++ 15.9 (VS2017)

END.
